<?xml version="1.0" encoding="UTF-8"?>
<robot generator="Robot 4.1.2 (Python 3.8.7rc1 on win32)" generated="20220209 07:31:12.108" rpa="false" schemaversion="2">
<suite id="s1" name="Github Desk" source="C:\Users\Raju\PycharmProjects\github_desk\github_desk.robot">
<test id="s1-t1" name="tc1">
<kw name="Open Browser" library="SeleniumLibrary">
<arg>https://www.google.com/</arg>
<arg>Chrome</arg>
<doc>Opens a new browser instance to the optional ``url``.</doc>
<msg timestamp="20220209 07:31:12.462" level="INFO">Opening browser 'Chrome' to base url 'https://www.google.com/'.</msg>
<status status="PASS" starttime="20220209 07:31:12.461" endtime="20220209 07:31:16.214"/>
</kw>
<kw name="Sleep" library="BuiltIn">
<arg>5</arg>
<doc>Pauses the test executed for the given time.</doc>
<msg timestamp="20220209 07:31:21.228" level="INFO">Slept 5 seconds</msg>
<status status="PASS" starttime="20220209 07:31:16.215" endtime="20220209 07:31:21.229"/>
</kw>
<kw name="Input Text" library="SeleniumLibrary">
<arg>//input[@name='q']</arg>
<arg>hanuman</arg>
<doc>Types the given ``text`` into the text field identified by ``locator``.</doc>
<msg timestamp="20220209 07:31:21.230" level="INFO">Typing text 'hanuman' into text field '//input[@name='q']'.</msg>
<status status="PASS" starttime="20220209 07:31:21.229" endtime="20220209 07:31:21.365"/>
</kw>
<kw name="Press Key" library="SeleniumLibrary">
<arg>//body</arg>
<arg>ENTER</arg>
<doc>*DEPRECATED in SeleniumLibrary 4.0.* use `Press Keys` instead.</doc>
<msg timestamp="20220209 07:31:21.366" level="WARN">Keyword 'SeleniumLibrary.Press Key' is deprecated. use `Press Keys` instead.</msg>
<status status="PASS" starttime="20220209 07:31:21.366" endtime="20220209 07:31:21.431"/>
</kw>
<kw name="Sleep" library="BuiltIn">
<arg>5</arg>
<doc>Pauses the test executed for the given time.</doc>
<msg timestamp="20220209 07:31:26.445" level="INFO">Slept 5 seconds</msg>
<status status="PASS" starttime="20220209 07:31:21.431" endtime="20220209 07:31:26.445"/>
</kw>
<status status="PASS" starttime="20220209 07:31:12.460" endtime="20220209 07:31:26.445"/>
</test>
<status status="PASS" starttime="20220209 07:31:12.124" endtime="20220209 07:31:26.450"/>
</suite>
<statistics>
<total>
<stat pass="1" fail="0" skip="0">All Tests</stat>
</total>
<tag>
</tag>
<suite>
<stat pass="1" fail="0" skip="0" id="s1" name="Github Desk">Github Desk</stat>
</suite>
</statistics>
<errors>
<msg timestamp="20220209 07:31:21.366" level="WARN">Keyword 'SeleniumLibrary.Press Key' is deprecated. use `Press Keys` instead.</msg>
</errors>
</robot>
